catroid3d/build/outputs/logs/manifest-merger-debug-report.txt
-- Merging decision tree log ---
manifest
ADDED from Catroid3dRepo\Catroid3d\AndroidManifest.xml:2:1-22:12
INJECTED from Catroid3dRepo\Catroid3d\AndroidManifest.xml:2:1-22:12
INJECTED from Catroid3dRepo\Catroid3d\AndroidManifest.xml:2:1-22:12
INJECTED from Catroid3dRepo\Catroid3d\AndroidManifest.xml:2:1-22:12
MERGED from [com.github.johnpersano:supertoasts:2.0] AndroidManifest.xml:17:1-30:12
MERGED from [com.github.mrengineer13:snackbar:1.2.0] AndroidManifest.xml:2:1-14:12
MERGED from [com.android.support:mediarouter-v7:27.1.0] AndroidManifest.xml:17:1-22:12
MERGED from [com.android.support:design:27.1.0] AndroidManifest.xml:17:1-22:12
MERGED from [com.android.support:customtabs:27.1.0] AndroidManifest.xml:17:1-22:12
MERGED from [com.android.support:appcompat-v7:27.1.0] AndroidManifest.xml:17:1-22:12
MERGED from [com.android.support:cardview-v7:27.1.0] AndroidManifest.xml:17:1-22:12
MERGED from [com.android.support:support-v4:27.1.0] AndroidManifest.xml:17:1-22:12
MERGED from [com.android.support:support-media-compat:27.1.0] AndroidManifest.xml:17:1-22:12
MERGED from [com.android.support:recyclerview-v7:27.1.0] AndroidManifest.xml:17:1-22:12
MERGED from [com.android.support:transition:27.1.0] AndroidManifest.xml:17:1-22:12
MERGED from [com.android.support:palette-v7:27.1.0] AndroidManifest.xml:17:1-22:12
MERGED from [com.android.support:support-fragment:27.1.0] AndroidManifest.xml:17:1-22:12
MERGED from [com.android.support:animated-vector-drawable:27.1.0] AndroidManifest.xml:17:1-22:12
MERGED from [com.android.support:support-core-ui:27.1.0] AndroidManifest.xml:17:1-22:12
MERGED from [com.android.support:support-core-utils:27.1.0] AndroidManifest.xml:17:1-22:12
MERGED from [com.android.support:support-vector-drawable:27.1.0] AndroidManifest.xml:17:1-22:12
MERGED from [com.android.support:support-compat:27.1.0] AndroidManifest.xml:17:1-22:12
MERGED from [android.arch.lifecycle:runtime:1.1.0] AndroidManifest.xml:17:1-22:12
MERGED from [android.arch.lifecycle:livedata-core:1.1.0] AndroidManifest.xml:17:1-22:12
MERGED from [android.arch.lifecycle:viewmodel:1.1.0] AndroidManifest.xml:17:1-22:12
MERGED from [android.arch.core:runtime:1.1.0] AndroidManifest.xml:17:1-22:12
INJECTED from Catroid3dRepo\Catroid3d\AndroidManifest.xml:2:1-22:12
INJECTED from Catroid3dRepo\Catroid3d\AndroidManifest.xml:2:1-22:12
INJECTED from Catroid3dRepo\Catroid3d\AndroidManifest.xml:2:1-22:12
	package
		ADDED from Catroid3dRepo\Catroid3d\AndroidManifest.xml:3:5-35
		INJECTED from Catroid3dRepo\Catroid3d\AndroidManifest.xml
		INJECTED from Catroid3dRepo\Catroid3d\AndroidManifest.xml
	android:versionName
		INJECTED from Catroid3dRepo\Catroid3d\AndroidManifest.xml
		ADDED from Catroid3dRepo\Catroid3d\AndroidManifest.xml:2:1-22:12
		INJECTED from Catroid3dRepo\Catroid3d\AndroidManifest.xml
	android:versionCode
		INJECTED from Catroid3dRepo\Catroid3d\AndroidManifest.xml
		ADDED from Catroid3dRepo\Catroid3d\AndroidManifest.xml:2:1-22:12
		INJECTED from Catroid3dRepo\Catroid3d\AndroidManifest.xml
	xmlns:android
		ADDED from Catroid3dRepo\Catroid3d\AndroidManifest.xml:2:11-69
application
ADDED from Catroid3dRepo\Catroid3d\AndroidManifest.xml:5:5-20:19
MERGED from [com.github.johnpersano:supertoasts:2.0] AndroidManifest.xml:26:5-28:38
MERGED from [com.github.johnpersano:supertoasts:2.0] AndroidManifest.xml:26:5-28:38
MERGED from [com.github.mrengineer13:snackbar:1.2.0] AndroidManifest.xml:12:5-20
MERGED from [com.github.mrengineer13:snackbar:1.2.0] AndroidManifest.xml:12:5-20
	android:screenOrientation
		ADDED from Catroid3dRepo\Catroid3d\AndroidManifest.xml:9:9-46
	android:supportsRtl
		ADDED from [com.github.johnpersano:supertoasts:2.0] AndroidManifest.xml:28:9-35
	android:label
		ADDED from Catroid3dRepo\Catroid3d\AndroidManifest.xml:8:9-41
	android:icon
		ADDED from Catroid3dRepo\Catroid3d\AndroidManifest.xml:7:9-45
	android:allowBackup
		ADDED from Catroid3dRepo\Catroid3d\AndroidManifest.xml:6:9-35
	android:theme
		ADDED from Catroid3dRepo\Catroid3d\AndroidManifest.xml:10:9-39
activity#org.catrobat.catroid.WorldActivity
ADDED from Catroid3dRepo\Catroid3d\AndroidManifest.xml:11:9-19:20
	android:label
		ADDED from Catroid3dRepo\Catroid3d\AndroidManifest.xml:14:13-45
	android:configChanges
		ADDED from Catroid3dRepo\Catroid3d\AndroidManifest.xml:13:13-107
	android:name
		ADDED from Catroid3dRepo\Catroid3d\AndroidManifest.xml:12:13-62
intent-filter#action:name:android.intent.action.MAIN+category:name:android.intent.category.LAUNCHER
ADDED from Catroid3dRepo\Catroid3d\AndroidManifest.xml:15:13-18:29
action#android.intent.action.MAIN
ADDED from Catroid3dRepo\Catroid3d\AndroidManifest.xml:16:17-69
	android:name
		ADDED from Catroid3dRepo\Catroid3d\AndroidManifest.xml:16:25-66
category#android.intent.category.LAUNCHER
ADDED from Catroid3dRepo\Catroid3d\AndroidManifest.xml:17:17-77
	android:name
		ADDED from Catroid3dRepo\Catroid3d\AndroidManifest.xml:17:27-74
uses-sdk
INJECTED from Catroid3dRepo\Catroid3d\AndroidManifest.xml reason: use-sdk injection requested
INJECTED from Catroid3dRepo\Catroid3d\AndroidManifest.xml
INJECTED from Catroid3dRepo\Catroid3d\AndroidManifest.xml
MERGED from [com.github.johnpersano:supertoasts:2.0] AndroidManifest.xml:22:5-24:41
MERGED from [com.github.johnpersano:supertoasts:2.0] AndroidManifest.xml:22:5-24:41
MERGED from [com.github.mrengineer13:snackbar:1.2.0] AndroidManifest.xml:8:5-10:41
MERGED from [com.github.mrengineer13:snackbar:1.2.0] AndroidManifest.xml:8:5-10:41
MERGED from [com.android.support:mediarouter-v7:27.1.0] AndroidManifest.xml:20:5-44
MERGED from [com.android.support:mediarouter-v7:27.1.0] AndroidManifest.xml:20:5-44
MERGED from [com.android.support:design:27.1.0] AndroidManifest.xml:20:5-44
MERGED from [com.android.support:design:27.1.0] AndroidManifest.xml:20:5-44
MERGED from [com.android.support:customtabs:27.1.0] AndroidManifest.xml:20:5-44
MERGED from [com.android.support:customtabs:27.1.0] AndroidManifest.xml:20:5-44
MERGED from [com.android.support:appcompat-v7:27.1.0] AndroidManifest.xml:20:5-44
MERGED from [com.android.support:appcompat-v7:27.1.0] AndroidManifest.xml:20:5-44
MERGED from [com.android.support:cardview-v7:27.1.0] AndroidManifest.xml:20:5-44
MERGED from [com.android.support:cardview-v7:27.1.0] AndroidManifest.xml:20:5-44
MERGED from [com.android.support:support-v4:27.1.0] AndroidManifest.xml:20:5-44
MERGED from [com.android.support:support-v4:27.1.0] AndroidManifest.xml:20:5-44
MERGED from [com.android.support:support-media-compat:27.1.0] AndroidManifest.xml:20:5-44
MERGED from [com.android.support:support-media-compat:27.1.0] AndroidManifest.xml:20:5-44
MERGED from [com.android.support:recyclerview-v7:27.1.0] AndroidManifest.xml:20:5-44
MERGED from [com.android.support:recyclerview-v7:27.1.0] AndroidManifest.xml:20:5-44
MERGED from [com.android.support:transition:27.1.0] AndroidManifest.xml:20:5-44
MERGED from [com.android.support:transition:27.1.0] AndroidManifest.xml:20:5-44
MERGED from [com.android.support:palette-v7:27.1.0] AndroidManifest.xml:20:5-44
MERGED from [com.android.support:palette-v7:27.1.0] AndroidManifest.xml:20:5-44
MERGED from [com.android.support:support-fragment:27.1.0] AndroidManifest.xml:20:5-44
MERGED from [com.android.support:support-fragment:27.1.0] AndroidManifest.xml:20:5-44
MERGED from [com.android.support:animated-vector-drawable:27.1.0] AndroidManifest.xml:20:5-44
MERGED from [com.android.support:animated-vector-drawable:27.1.0] AndroidManifest.xml:20:5-44
MERGED from [com.android.support:support-core-ui:27.1.0] AndroidManifest.xml:20:5-44
MERGED from [com.android.support:support-core-ui:27.1.0] AndroidManifest.xml:20:5-44
MERGED from [com.android.support:support-core-utils:27.1.0] AndroidManifest.xml:20:5-44
MERGED from [com.android.support:support-core-utils:27.1.0] AndroidManifest.xml:20:5-44
MERGED from [com.android.support:support-vector-drawable:27.1.0] AndroidManifest.xml:20:5-44
MERGED from [com.android.support:support-vector-drawable:27.1.0] AndroidManifest.xml:20:5-44
MERGED from [com.android.support:support-compat:27.1.0] AndroidManifest.xml:20:5-44
MERGED from [com.android.support:support-compat:27.1.0] AndroidManifest.xml:20:5-44
MERGED from [android.arch.lifecycle:runtime:1.1.0] AndroidManifest.xml:20:5-44
MERGED from [android.arch.lifecycle:runtime:1.1.0] AndroidManifest.xml:20:5-44
MERGED from [android.arch.lifecycle:livedata-core:1.1.0] AndroidManifest.xml:20:5-44
MERGED from [android.arch.lifecycle:livedata-core:1.1.0] AndroidManifest.xml:20:5-44
MERGED from [android.arch.lifecycle:viewmodel:1.1.0] AndroidManifest.xml:20:5-44
MERGED from [android.arch.lifecycle:viewmodel:1.1.0] AndroidManifest.xml:20:5-44
MERGED from [android.arch.core:runtime:1.1.0] AndroidManifest.xml:20:5-44
MERGED from [android.arch.core:runtime:1.1.0] AndroidManifest.xml:20:5-44
INJECTED from Catroid3dRepo\Catroid3d\AndroidManifest.xml
INJECTED from Catroid3dRepo\Catroid3d\AndroidManifest.xml
	android:targetSdkVersion
		INJECTED from Catroid3dRepo\Catroid3d\AndroidManifest.xml
		ADDED from Catroid3dRepo\Catroid3d\AndroidManifest.xml
		INJECTED from Catroid3dRepo\Catroid3d\AndroidManifest.xml
	android:minSdkVersion
		INJECTED from Catroid3dRepo\Catroid3d\AndroidManifest.xml
		ADDED from Catroid3dRepo\Catroid3d\AndroidManifest.xml
		INJECTED from Catroid3dRepo\Catroid3d\AndroidManifest.xml